<?xml version="1.0" encoding="UTF-8"?>
<testsuite xmlns:xsi="http://www.w3.org/2001/XMLSchema-instance" xsi:noNamespaceSchemaLocation="https://maven.apache.org/surefire/maven-surefire-plugin/xsd/surefire-test-report.xsd" name="TestSuite" time="2.311" tests="4" errors="0" skipped="1" failures="3">
  <properties>
    <property name="java.specification.version" value="16"/>
    <property name="sun.jnu.encoding" value="UTF-8"/>
    <property name="java.class.path" value="/Users/abdelrahmanmohammed/workspace/testautomationu/Abdelrahman-Mohmaed/target/test-classes:/Users/abdelrahmanmohammed/workspace/testautomationu/Abdelrahman-Mohmaed/target/classes:/Users/abdelrahmanmohammed/.m2/repository/org/seleniumhq/selenium/selenium-java/3.141.59/selenium-java-3.141.59.jar:/Users/abdelrahmanmohammed/.m2/repository/org/seleniumhq/selenium/selenium-api/3.141.59/selenium-api-3.141.59.jar:/Users/abdelrahmanmohammed/.m2/repository/org/seleniumhq/selenium/selenium-chrome-driver/3.141.59/selenium-chrome-driver-3.141.59.jar:/Users/abdelrahmanmohammed/.m2/repository/org/seleniumhq/selenium/selenium-edge-driver/3.141.59/selenium-edge-driver-3.141.59.jar:/Users/abdelrahmanmohammed/.m2/repository/org/seleniumhq/selenium/selenium-firefox-driver/3.141.59/selenium-firefox-driver-3.141.59.jar:/Users/abdelrahmanmohammed/.m2/repository/org/seleniumhq/selenium/selenium-ie-driver/3.141.59/selenium-ie-driver-3.141.59.jar:/Users/abdelrahmanmohammed/.m2/repository/org/seleniumhq/selenium/selenium-opera-driver/3.141.59/selenium-opera-driver-3.141.59.jar:/Users/abdelrahmanmohammed/.m2/repository/org/seleniumhq/selenium/selenium-remote-driver/3.141.59/selenium-remote-driver-3.141.59.jar:/Users/abdelrahmanmohammed/.m2/repository/org/seleniumhq/selenium/selenium-safari-driver/3.141.59/selenium-safari-driver-3.141.59.jar:/Users/abdelrahmanmohammed/.m2/repository/org/seleniumhq/selenium/selenium-support/3.141.59/selenium-support-3.141.59.jar:/Users/abdelrahmanmohammed/.m2/repository/net/bytebuddy/byte-buddy/1.8.15/byte-buddy-1.8.15.jar:/Users/abdelrahmanmohammed/.m2/repository/org/apache/commons/commons-exec/1.3/commons-exec-1.3.jar:/Users/abdelrahmanmohammed/.m2/repository/com/google/guava/guava/25.0-jre/guava-25.0-jre.jar:/Users/abdelrahmanmohammed/.m2/repository/com/google/code/findbugs/jsr305/1.3.9/jsr305-1.3.9.jar:/Users/abdelrahmanmohammed/.m2/repository/org/checkerframework/checker-compat-qual/2.0.0/checker-compat-qual-2.0.0.jar:/Users/abdelrahmanmohammed/.m2/repository/com/google/errorprone/error_prone_annotations/2.1.3/error_prone_annotations-2.1.3.jar:/Users/abdelrahmanmohammed/.m2/repository/com/google/j2objc/j2objc-annotations/1.1/j2objc-annotations-1.1.jar:/Users/abdelrahmanmohammed/.m2/repository/org/codehaus/mojo/animal-sniffer-annotations/1.14/animal-sniffer-annotations-1.14.jar:/Users/abdelrahmanmohammed/.m2/repository/com/squareup/okhttp3/okhttp/3.11.0/okhttp-3.11.0.jar:/Users/abdelrahmanmohammed/.m2/repository/com/squareup/okio/okio/1.14.0/okio-1.14.0.jar:/Users/abdelrahmanmohammed/.m2/repository/org/testng/testng/7.3.0/testng-7.3.0.jar:/Users/abdelrahmanmohammed/.m2/repository/com/beust/jcommander/1.78/jcommander-1.78.jar:/Users/abdelrahmanmohammed/.m2/repository/org/apache/ant/ant/1.10.3/ant-1.10.3.jar:/Users/abdelrahmanmohammed/.m2/repository/org/apache/ant/ant-launcher/1.10.3/ant-launcher-1.10.3.jar:/Users/abdelrahmanmohammed/.m2/repository/junit/junit/4.12/junit-4.12.jar:/Users/abdelrahmanmohammed/.m2/repository/org/hamcrest/hamcrest-core/1.3/hamcrest-core-1.3.jar:/Users/abdelrahmanmohammed/.m2/repository/com/google/inject/guice/4.2.2/guice-4.2.2-no_aop.jar:/Users/abdelrahmanmohammed/.m2/repository/javax/inject/javax.inject/1/javax.inject-1.jar:/Users/abdelrahmanmohammed/.m2/repository/aopalliance/aopalliance/1.0/aopalliance-1.0.jar:/Users/abdelrahmanmohammed/.m2/repository/org/yaml/snakeyaml/1.21/snakeyaml-1.21.jar:/Users/abdelrahmanmohammed/.m2/repository/io/qameta/allure/allure-testng/2.14.0/allure-testng-2.14.0.jar:/Users/abdelrahmanmohammed/.m2/repository/io/qameta/allure/allure-java-commons/2.14.0/allure-java-commons-2.14.0.jar:/Users/abdelrahmanmohammed/.m2/repository/org/slf4j/slf4j-api/1.7.30/slf4j-api-1.7.30.jar:/Users/abdelrahmanmohammed/.m2/repository/io/qameta/allure/allure-model/2.14.0/allure-model-2.14.0.jar:/Users/abdelrahmanmohammed/.m2/repository/com/fasterxml/jackson/core/jackson-databind/2.12.3/jackson-databind-2.12.3.jar:/Users/abdelrahmanmohammed/.m2/repository/com/fasterxml/jackson/core/jackson-annotations/2.12.3/jackson-annotations-2.12.3.jar:/Users/abdelrahmanmohammed/.m2/repository/com/fasterxml/jackson/core/jackson-core/2.12.3/jackson-core-2.12.3.jar:/Users/abdelrahmanmohammed/.m2/repository/org/apache/tika/tika-core/1.26/tika-core-1.26.jar:/Users/abdelrahmanmohammed/.m2/repository/javax/xml/bind/jaxb-api/2.3.1/jaxb-api-2.3.1.jar:/Users/abdelrahmanmohammed/.m2/repository/javax/activation/javax.activation-api/1.2.0/javax.activation-api-1.2.0.jar:/Users/abdelrahmanmohammed/.m2/repository/javax/activation/activation/1.1.1/activation-1.1.1.jar:/Users/abdelrahmanmohammed/.m2/repository/org/jooq/joor-java-8/0.9.14/joor-java-8-0.9.14.jar:/Users/abdelrahmanmohammed/.m2/repository/io/qameta/allure/allure-test-filter/2.14.0/allure-test-filter-2.14.0.jar:/Users/abdelrahmanmohammed/.m2/repository/commons-io/commons-io/2.11.0/commons-io-2.11.0.jar:"/>
    <property name="java.vm.vendor" value="Homebrew"/>
    <property name="sun.arch.data.model" value="64"/>
    <property name="java.vendor.url" value="https://github.com/Homebrew/homebrew-core/issues"/>
    <property name="os.name" value="Mac OS X"/>
    <property name="java.vm.specification.version" value="16"/>
    <property name="sun.java.launcher" value="SUN_STANDARD"/>
    <property name="user.country" value="EG"/>
    <property name="sun.boot.library.path" value="/usr/local/Cellar/openjdk/16.0.2/libexec/openjdk.jdk/Contents/Home/lib"/>
    <property name="sun.java.command" value="/Users/abdelrahmanmohammed/workspace/testautomationu/Abdelrahman-Mohmaed/target/surefire/surefirebooter13390824215339672061.jar /Users/abdelrahmanmohammed/workspace/testautomationu/Abdelrahman-Mohmaed/target/surefire 2021-08-16T20-37-16_829-jvmRun1 surefire35280329912948565tmp surefire_08041715907804300964tmp"/>
    <property name="http.nonProxyHosts" value="local|*.local|169.254/16|*.169.254/16"/>
    <property name="jdk.debug" value="release"/>
    <property name="surefire.test.class.path" value="/Users/abdelrahmanmohammed/workspace/testautomationu/Abdelrahman-Mohmaed/target/test-classes:/Users/abdelrahmanmohammed/workspace/testautomationu/Abdelrahman-Mohmaed/target/classes:/Users/abdelrahmanmohammed/.m2/repository/org/seleniumhq/selenium/selenium-java/3.141.59/selenium-java-3.141.59.jar:/Users/abdelrahmanmohammed/.m2/repository/org/seleniumhq/selenium/selenium-api/3.141.59/selenium-api-3.141.59.jar:/Users/abdelrahmanmohammed/.m2/repository/org/seleniumhq/selenium/selenium-chrome-driver/3.141.59/selenium-chrome-driver-3.141.59.jar:/Users/abdelrahmanmohammed/.m2/repository/org/seleniumhq/selenium/selenium-edge-driver/3.141.59/selenium-edge-driver-3.141.59.jar:/Users/abdelrahmanmohammed/.m2/repository/org/seleniumhq/selenium/selenium-firefox-driver/3.141.59/selenium-firefox-driver-3.141.59.jar:/Users/abdelrahmanmohammed/.m2/repository/org/seleniumhq/selenium/selenium-ie-driver/3.141.59/selenium-ie-driver-3.141.59.jar:/Users/abdelrahmanmohammed/.m2/repository/org/seleniumhq/selenium/selenium-opera-driver/3.141.59/selenium-opera-driver-3.141.59.jar:/Users/abdelrahmanmohammed/.m2/repository/org/seleniumhq/selenium/selenium-remote-driver/3.141.59/selenium-remote-driver-3.141.59.jar:/Users/abdelrahmanmohammed/.m2/repository/org/seleniumhq/selenium/selenium-safari-driver/3.141.59/selenium-safari-driver-3.141.59.jar:/Users/abdelrahmanmohammed/.m2/repository/org/seleniumhq/selenium/selenium-support/3.141.59/selenium-support-3.141.59.jar:/Users/abdelrahmanmohammed/.m2/repository/net/bytebuddy/byte-buddy/1.8.15/byte-buddy-1.8.15.jar:/Users/abdelrahmanmohammed/.m2/repository/org/apache/commons/commons-exec/1.3/commons-exec-1.3.jar:/Users/abdelrahmanmohammed/.m2/repository/com/google/guava/guava/25.0-jre/guava-25.0-jre.jar:/Users/abdelrahmanmohammed/.m2/repository/com/google/code/findbugs/jsr305/1.3.9/jsr305-1.3.9.jar:/Users/abdelrahmanmohammed/.m2/repository/org/checkerframework/checker-compat-qual/2.0.0/checker-compat-qual-2.0.0.jar:/Users/abdelrahmanmohammed/.m2/repository/com/google/errorprone/error_prone_annotations/2.1.3/error_prone_annotations-2.1.3.jar:/Users/abdelrahmanmohammed/.m2/repository/com/google/j2objc/j2objc-annotations/1.1/j2objc-annotations-1.1.jar:/Users/abdelrahmanmohammed/.m2/repository/org/codehaus/mojo/animal-sniffer-annotations/1.14/animal-sniffer-annotations-1.14.jar:/Users/abdelrahmanmohammed/.m2/repository/com/squareup/okhttp3/okhttp/3.11.0/okhttp-3.11.0.jar:/Users/abdelrahmanmohammed/.m2/repository/com/squareup/okio/okio/1.14.0/okio-1.14.0.jar:/Users/abdelrahmanmohammed/.m2/repository/org/testng/testng/7.3.0/testng-7.3.0.jar:/Users/abdelrahmanmohammed/.m2/repository/com/beust/jcommander/1.78/jcommander-1.78.jar:/Users/abdelrahmanmohammed/.m2/repository/org/apache/ant/ant/1.10.3/ant-1.10.3.jar:/Users/abdelrahmanmohammed/.m2/repository/org/apache/ant/ant-launcher/1.10.3/ant-launcher-1.10.3.jar:/Users/abdelrahmanmohammed/.m2/repository/junit/junit/4.12/junit-4.12.jar:/Users/abdelrahmanmohammed/.m2/repository/org/hamcrest/hamcrest-core/1.3/hamcrest-core-1.3.jar:/Users/abdelrahmanmohammed/.m2/repository/com/google/inject/guice/4.2.2/guice-4.2.2-no_aop.jar:/Users/abdelrahmanmohammed/.m2/repository/javax/inject/javax.inject/1/javax.inject-1.jar:/Users/abdelrahmanmohammed/.m2/repository/aopalliance/aopalliance/1.0/aopalliance-1.0.jar:/Users/abdelrahmanmohammed/.m2/repository/org/yaml/snakeyaml/1.21/snakeyaml-1.21.jar:/Users/abdelrahmanmohammed/.m2/repository/io/qameta/allure/allure-testng/2.14.0/allure-testng-2.14.0.jar:/Users/abdelrahmanmohammed/.m2/repository/io/qameta/allure/allure-java-commons/2.14.0/allure-java-commons-2.14.0.jar:/Users/abdelrahmanmohammed/.m2/repository/org/slf4j/slf4j-api/1.7.30/slf4j-api-1.7.30.jar:/Users/abdelrahmanmohammed/.m2/repository/io/qameta/allure/allure-model/2.14.0/allure-model-2.14.0.jar:/Users/abdelrahmanmohammed/.m2/repository/com/fasterxml/jackson/core/jackson-databind/2.12.3/jackson-databind-2.12.3.jar:/Users/abdelrahmanmohammed/.m2/repository/com/fasterxml/jackson/core/jackson-annotations/2.12.3/jackson-annotations-2.12.3.jar:/Users/abdelrahmanmohammed/.m2/repository/com/fasterxml/jackson/core/jackson-core/2.12.3/jackson-core-2.12.3.jar:/Users/abdelrahmanmohammed/.m2/repository/org/apache/tika/tika-core/1.26/tika-core-1.26.jar:/Users/abdelrahmanmohammed/.m2/repository/javax/xml/bind/jaxb-api/2.3.1/jaxb-api-2.3.1.jar:/Users/abdelrahmanmohammed/.m2/repository/javax/activation/javax.activation-api/1.2.0/javax.activation-api-1.2.0.jar:/Users/abdelrahmanmohammed/.m2/repository/javax/activation/activation/1.1.1/activation-1.1.1.jar:/Users/abdelrahmanmohammed/.m2/repository/org/jooq/joor-java-8/0.9.14/joor-java-8-0.9.14.jar:/Users/abdelrahmanmohammed/.m2/repository/io/qameta/allure/allure-test-filter/2.14.0/allure-test-filter-2.14.0.jar:/Users/abdelrahmanmohammed/.m2/repository/commons-io/commons-io/2.11.0/commons-io-2.11.0.jar:"/>
    <property name="sun.cpu.endian" value="little"/>
    <property name="user.home" value="/Users/abdelrahmanmohammed"/>
    <property name="user.language" value="en"/>
    <property name="java.specification.vendor" value="Oracle Corporation"/>
    <property name="java.version.date" value="2021-07-20"/>
    <property name="java.home" value="/usr/local/Cellar/openjdk/16.0.2/libexec/openjdk.jdk/Contents/Home"/>
    <property name="file.separator" value="/"/>
    <property name="basedir" value="/Users/abdelrahmanmohammed/workspace/testautomationu/Abdelrahman-Mohmaed"/>
    <property name="java.vm.compressedOopsMode" value="Zero based"/>
    <property name="line.separator" value="&#10;"/>
    <property name="java.specification.name" value="Java Platform API Specification"/>
    <property name="java.vm.specification.vendor" value="Oracle Corporation"/>
    <property name="surefire.real.class.path" value="/Users/abdelrahmanmohammed/workspace/testautomationu/Abdelrahman-Mohmaed/target/surefire/surefirebooter13390824215339672061.jar"/>
    <property name="sun.management.compiler" value="HotSpot 64-Bit Tiered Compilers"/>
    <property name="ftp.nonProxyHosts" value="local|*.local|169.254/16|*.169.254/16"/>
    <property name="java.runtime.version" value="16.0.2+0"/>
    <property name="user.name" value="abdelrahmanmohammed"/>
    <property name="path.separator" value=":"/>
    <property name="os.version" value="11.3.1"/>
    <property name="java.runtime.name" value="OpenJDK Runtime Environment"/>
    <property name="file.encoding" value="UTF-8"/>
    <property name="java.vm.name" value="OpenJDK 64-Bit Server VM"/>
    <property name="java.vendor.version" value="Homebrew"/>
    <property name="localRepository" value="/Users/abdelrahmanmohammed/.m2/repository"/>
    <property name="java.vendor.url.bug" value="https://github.com/Homebrew/homebrew-core/issues"/>
    <property name="java.io.tmpdir" value="/var/folders/9s/46ty9gjj345csf88dfp68m3m0000gn/T/"/>
    <property name="java.version" value="16.0.2"/>
    <property name="user.dir" value="/Users/abdelrahmanmohammed/workspace/testautomationu/Abdelrahman-Mohmaed"/>
    <property name="os.arch" value="x86_64"/>
    <property name="java.vm.specification.name" value="Java Virtual Machine Specification"/>
    <property name="java.library.path" value="/Users/abdelrahmanmohammed/Library/Java/Extensions:/Library/Java/Extensions:/Network/Library/Java/Extensions:/System/Library/Java/Extensions:/usr/lib/java:."/>
    <property name="java.vm.info" value="mixed mode, sharing"/>
    <property name="java.vendor" value="Homebrew"/>
    <property name="java.vm.version" value="16.0.2+0"/>
    <property name="sun.io.unicode.encoding" value="UnicodeBig"/>
    <property name="socksNonProxyHosts" value="local|*.local|169.254/16|*.169.254/16"/>
    <property name="java.class.version" value="60.0"/>
  </properties>
  <testcase name="setUp" classname="tests.AbdoTest" time="1.996">
    <failure message="&#10;Parameter &apos;browser&apos; is required by BeforeMethod on method setUp but has not been marked @Optional or defined&#10;" type="org.testng.TestNGException">org.testng.TestNGException: 

Parameter 'browser' is required by BeforeMethod on method setUp but has not been marked @Optional or defined

</failure>
    <system-err><![CDATA[SLF4J: Failed to load class "org.slf4j.impl.StaticLoggerBinder".
SLF4J: Defaulting to no-operation (NOP) logger implementation
SLF4J: See http://www.slf4j.org/codes.html#StaticLoggerBinder for further details.
]]></system-err>
  </testcase>
  <testcase name="hamadaTest" classname="tests.AbdoTest" time="0">
    <skipped message="&#10;Parameter &apos;browser&apos; is required by BeforeMethod on method setUp but has not been marked @Optional or defined&#10;"/>
  </testcase>
  <testcase name="catchExceptions" classname="tests.AbdoTest" time="0.088">
    <failure message="Cannot invoke &quot;org.openqa.selenium.TakesScreenshot.getScreenshotAs(org.openqa.selenium.OutputType)&quot; because the return value of &quot;tests.BaseTest.getDriver()&quot; is null" type="java.lang.NullPointerException">java.lang.NullPointerException: Cannot invoke "org.openqa.selenium.TakesScreenshot.getScreenshotAs(org.openqa.selenium.OutputType)" because the return value of "tests.BaseTest.getDriver()" is null
</failure>
  </testcase>
  <testcase name="tearDown" classname="tests.AbdoTest" time="0.096">
    <failure message="Cannot invoke &quot;org.openqa.selenium.WebDriver.quit()&quot; because the return value of &quot;tests.BaseTest.getDriver()&quot; is null" type="java.lang.NullPointerException">java.lang.NullPointerException: Cannot invoke "org.openqa.selenium.WebDriver.quit()" because the return value of "tests.BaseTest.getDriver()" is null
</failure>
  </testcase>
</testsuite>